<?xml version="1.0" encoding="UTF-8" ?>
<testsuite failures="0" time="0.106" errors="0" skipped="0" tests="1" name="gsd.buildanalysis.linux.test.FuzzyParserTest">
  <properties>
    <property name="java.runtime.name" value="OpenJDK Runtime Environment"/>
    <property name="sun.boot.library.path" value="/usr/lib/jvm/java-1.6.0-openjdk-1.6.0.0.x86_64/jre/lib/amd64"/>
    <property name="java.vm.version" value="20.0-b11"/>
    <property name="java.vm.vendor" value="Sun Microsystems Inc."/>
    <property name="java.vendor.url" value="http://java.sun.com/"/>
    <property name="path.separator" value=":"/>
    <property name="java.vm.name" value="OpenJDK 64-Bit Server VM"/>
    <property name="file.encoding.pkg" value="sun.io"/>
    <property name="user.country" value="US"/>
    <property name="sun.java.launcher" value="SUN_STANDARD"/>
    <property name="sun.os.patch.level" value="unknown"/>
    <property name="java.vm.specification.name" value="Java Virtual Machine Specification"/>
    <property name="user.dir" value="/app/archive/kos/share/TypeChef/busybox/KBuildMiner"/>
    <property name="java.runtime.version" value="1.6.0_22-b22"/>
    <property name="java.awt.graphicsenv" value="sun.awt.X11GraphicsEnvironment"/>
    <property name="basedir" value="/app/archive/kos/share/TypeChef/busybox/KBuildMiner"/>
    <property name="java.endorsed.dirs" value="/usr/lib/jvm/java-1.6.0-openjdk-1.6.0.0.x86_64/jre/lib/endorsed"/>
    <property name="os.arch" value="amd64"/>
    <property name="surefire.real.class.path" value="/app/archive/kos/share/TypeChef/busybox/KBuildMiner/target/surefire/surefirebooter5093784538142766029.jar"/>
    <property name="java.io.tmpdir" value="/tmp"/>
    <property name="line.separator" value="
"/>
    <property name="java.vm.specification.vendor" value="Sun Microsystems Inc."/>
    <property name="os.name" value="Linux"/>
    <property name="sun.jnu.encoding" value="UTF-8"/>
    <property name="java.library.path" value="/usr/lib/jvm/java-1.6.0-openjdk-1.6.0.0.x86_64/jre/lib/amd64/server:/usr/lib/jvm/java-1.6.0-openjdk-1.6.0.0.x86_64/jre/lib/amd64:/usr/lib/jvm/java-1.6.0-openjdk-1.6.0.0.x86_64/jre/../lib/amd64:/usr/java/packages/lib/amd64:/usr/lib64:/lib64:/lib:/usr/lib"/>
    <property name="surefire.test.class.path" value="/app/archive/kos/share/TypeChef/busybox/KBuildMiner/target/test-classes:/app/archive/kos/share/TypeChef/busybox/KBuildMiner/target/classes:/app/home/kaestner/.m2/repository/org/antlr/antlr-runtime/3.1.3/antlr-runtime-3.1.3.jar:/app/home/kaestner/.m2/repository/org/scala-lang/scala-library/2.7.7/scala-library-2.7.7.jar:/app/home/kaestner/.m2/repository/org/scalatest/scalatest/1.0.1/scalatest-1.0.1.jar:/app/home/kaestner/.m2/repository/org/scalacheck/scalacheck/1.5/scalacheck-1.5.jar:/app/home/kaestner/.m2/repository/com/googlecode/kiama/0.9.0/kiama-0.9.0.jar:/app/home/kaestner/.m2/repository/org/scala-tools/testing/scalacheck/1.5/scalacheck-1.5.jar:/app/home/kaestner/.m2/repository/junit/junit/4.7/junit-4.7.jar:/app/home/kaestner/.m2/repository/jline/jline/0.9.94/jline-0.9.94.jar:/app/home/kaestner/.m2/repository/org/scala-lang/scala-compiler/2.7.7/scala-compiler-2.7.7.jar:/app/home/kaestner/.m2/repository/org/slf4j/slf4j-api/1.5.8/slf4j-api-1.5.8.jar:/app/home/kaestner/.m2/repository/ch/qos/logback/logback-classic/0.9.15/logback-classic-0.9.15.jar:/app/home/kaestner/.m2/repository/ch/qos/logback/logback-core/0.9.15/logback-core-0.9.15.jar:/app/archive/kos/share/TypeChef/busybox/KBuildMiner/lib/optional-0.0.1.jar:/app/home/kaestner/.m2/repository/com/thoughtworks/paranamer/paranamer/1.3/paranamer-1.3.jar:"/>
    <property name="java.specification.name" value="Java Platform API Specification"/>
    <property name="java.class.version" value="50.0"/>
    <property name="sun.management.compiler" value="HotSpot 64-Bit Tiered Compilers"/>
    <property name="os.version" value="2.6.41.4-1.fc15.x86_64"/>
    <property name="user.home" value="/app/home/kaestner"/>
    <property name="user.timezone" value=""/>
    <property name="java.awt.printerjob" value="sun.print.PSPrinterJob"/>
    <property name="file.encoding" value="UTF-8"/>
    <property name="java.specification.version" value="1.6"/>
    <property name="user.name" value="kaestner"/>
    <property name="java.class.path" value="/app/archive/kos/share/TypeChef/busybox/KBuildMiner/target/test-classes:/app/archive/kos/share/TypeChef/busybox/KBuildMiner/target/classes:/app/home/kaestner/.m2/repository/org/antlr/antlr-runtime/3.1.3/antlr-runtime-3.1.3.jar:/app/home/kaestner/.m2/repository/org/scala-lang/scala-library/2.7.7/scala-library-2.7.7.jar:/app/home/kaestner/.m2/repository/org/scalatest/scalatest/1.0.1/scalatest-1.0.1.jar:/app/home/kaestner/.m2/repository/org/scalacheck/scalacheck/1.5/scalacheck-1.5.jar:/app/home/kaestner/.m2/repository/com/googlecode/kiama/0.9.0/kiama-0.9.0.jar:/app/home/kaestner/.m2/repository/org/scala-tools/testing/scalacheck/1.5/scalacheck-1.5.jar:/app/home/kaestner/.m2/repository/junit/junit/4.7/junit-4.7.jar:/app/home/kaestner/.m2/repository/jline/jline/0.9.94/jline-0.9.94.jar:/app/home/kaestner/.m2/repository/org/scala-lang/scala-compiler/2.7.7/scala-compiler-2.7.7.jar:/app/home/kaestner/.m2/repository/org/slf4j/slf4j-api/1.5.8/slf4j-api-1.5.8.jar:/app/home/kaestner/.m2/repository/ch/qos/logback/logback-classic/0.9.15/logback-classic-0.9.15.jar:/app/home/kaestner/.m2/repository/ch/qos/logback/logback-core/0.9.15/logback-core-0.9.15.jar:/app/archive/kos/share/TypeChef/busybox/KBuildMiner/lib/optional-0.0.1.jar:/app/home/kaestner/.m2/repository/com/thoughtworks/paranamer/paranamer/1.3/paranamer-1.3.jar:"/>
    <property name="java.vm.specification.version" value="1.0"/>
    <property name="sun.arch.data.model" value="64"/>
    <property name="java.home" value="/usr/lib/jvm/java-1.6.0-openjdk-1.6.0.0.x86_64/jre"/>
    <property name="sun.java.command" value="/app/archive/kos/share/TypeChef/busybox/KBuildMiner/target/surefire/surefirebooter5093784538142766029.jar /app/archive/kos/share/TypeChef/busybox/KBuildMiner/target/surefire/surefire7415087184236387658tmp /app/archive/kos/share/TypeChef/busybox/KBuildMiner/target/surefire/surefire7774020923619309251tmp"/>
    <property name="java.specification.vendor" value="Sun Microsystems Inc."/>
    <property name="user.language" value="en"/>
    <property name="java.vm.info" value="mixed mode"/>
    <property name="java.version" value="1.6.0_22"/>
    <property name="java.ext.dirs" value="/usr/lib/jvm/java-1.6.0-openjdk-1.6.0.0.x86_64/jre/lib/ext:/usr/java/packages/lib/ext"/>
    <property name="sun.boot.class.path" value="/usr/lib/jvm/java-1.6.0-openjdk-1.6.0.0.x86_64/jre/lib/resources.jar:/usr/lib/jvm/java-1.6.0-openjdk-1.6.0.0.x86_64/jre/lib/rt.jar:/usr/lib/jvm/java-1.6.0-openjdk-1.6.0.0.x86_64/jre/lib/sunrsasign.jar:/usr/lib/jvm/java-1.6.0-openjdk-1.6.0.0.x86_64/jre/lib/jsse.jar:/usr/lib/jvm/java-1.6.0-openjdk-1.6.0.0.x86_64/jre/lib/jce.jar:/usr/lib/jvm/java-1.6.0-openjdk-1.6.0.0.x86_64/jre/lib/charsets.jar:/usr/lib/jvm/java-1.6.0-openjdk-1.6.0.0.x86_64/jre/lib/netx.jar:/usr/lib/jvm/java-1.6.0-openjdk-1.6.0.0.x86_64/jre/lib/plugin.jar:/usr/lib/jvm/java-1.6.0-openjdk-1.6.0.0.x86_64/jre/lib/rhino.jar:/usr/lib/jvm/java-1.6.0-openjdk-1.6.0.0.x86_64/jre/lib/modules/jdk.boot.jar:/usr/lib/jvm/java-1.6.0-openjdk-1.6.0.0.x86_64/jre/classes"/>
    <property name="java.vendor" value="Sun Microsystems Inc."/>
    <property name="localRepository" value="/app/home/kaestner/.m2/repository"/>
    <property name="file.separator" value="/"/>
    <property name="java.vendor.url.bug" value="http://java.sun.com/cgi-bin/bugreport.cgi"/>
    <property name="sun.cpu.endian" value="little"/>
    <property name="sun.io.unicode.encoding" value="UnicodeLittle"/>
    <property name="sun.cpu.isalist" value=""/>
  </properties>
  <testcase time="0.002" classname="gsd.buildanalysis.linux.test.FuzzyParserTest" name="placeholder"/>
</testsuite>